11:45:42,-891,421
11:45:45,-891,436
11:45:48,-908,416
11:45:51,-1046,474
11:45:54,-1071,494
11:45:57,-1275,597
11:46:00,-1220,633
11:46:03,-1256,657
11:46:06,-1203,744
11:46:09,-1457,728
11:46:12,-1160,642
11:46:15,-1180,721
11:46:18,-1187,697
11:46:21,-1182,651
11:46:24,-1195,709
11:46:27,-1212,700
11:46:30,-1234,708
11:46:33,-1271,682
11:46:36,-1206,432
11:46:39,-1190,441
11:46:42,-1212,424
11:46:45,-1216,415
11:46:48,-1222,440
11:46:51,-1200,430
11:46:54,-1219,429
11:46:57,-1224,418
11:47:00,-1217,412
11:47:03,-1227,409
11:47:06,-1227,400
11:47:09,-1219,428
11:47:12,-1235,417
11:47:15,-1236,409
11:47:18,-1236,400
11:47:21,-1217,398
11:47:24,-1241,422
11:47:27,-1251,421
11:47:30,-1249,431
11:47:33,-1250,434
11:47:36,-1230,391
11:47:39,-1227,376
11:47:42,-1218,419
11:47:45,-1253,410
11:47:48,-1244,403
11:47:51,-1246,407
11:47:54,-1246,378
11:47:57,-1245,414
11:48:00,-1237,408
11:48:03,-1229,410
11:48:06,-1251,404
11:48:09,-1264,415
11:48:12,-1263,417
11:48:15,-1260,444
11:48:18,-1261,436
11:48:21,-1269,400
11:48:24,-1235,392
11:48:27,-1255,418
11:48:30,-1256,416
11:48:33,-1244,409
11:48:36,-1254,405
11:48:39,-1254,408
11:48:42,-1246,415
11:48:45,-1214,419
11:48:48,-1247,400
11:48:51,-1255,387
11:48:54,-1246,399
11:48:57,-1242,416
11:49:00,-1248,398
11:49:03,-1254,418
11:49:06,-1219,419
11:49:09,-1252,417
11:49:12,-1257,398
11:49:15,-1245,407
11:49:18,-1251,396
11:49:21,-1253,419
11:49:24,-1256,413
11:49:27,-1222,434
11:49:30,-1247,412
11:49:33,-1242,402
11:49:36,-1256,406
11:49:39,-1254,390
11:49:42,-1257,405
11:49:45,-1261,425
11:49:48,-1224,398
11:49:54,-1238,395
11:49:54,-1266,432
11:49:57,-1246,386
11:50:00,-1258,429
11:50:03,-1254,393
11:50:06,-1254,405
11:50:09,-1229,427
11:50:12,-1260,413
11:50:15,-1261,420
11:50:18,-1261,410
11:50:21,-1250,411
11:50:24,-1254,425
11:50:28,-1253,413
11:50:30,-1231,417
11:50:33,-1230,387
11:50:36,-1230,371
11:50:39,-1259,393
11:50:42,-1237,387
11:50:45,-1249,413
11:50:48,-1257,409
11:50:51,-1232,418
11:50:54,-1252,410
11:50:57,-1242,421
11:51:00,-1229,426
11:51:03,-1240,387
11:51:06,-1236,383
11:51:09,-1230,363
11:51:12,-1192,351
11:51:15,-1208,355
11:51:18,-1212,384
11:51:21,-1244,423
11:51:24,-1260,440
11:51:27,-1256,416
11:51:30,-1247,400
11:51:33,-1209,418
11:51:36,-1244,407
11:51:39,-1240,422
11:51:42,-1239,402
11:51:45,-1228,383
11:51:48,-1233,419
11:51:51,-1215,383
11:51:54,-1232,401
11:51:57,-1220,419
11:52:00,-1226,385
11:52:03,-1209,355
11:52:06,-1222,387
11:52:09,-1231,410
11:52:12,-1228,389
11:52:15,-1206,408
11:52:18,-1226,388
11:52:21,-1224,381
11:52:24,-1224,379
11:52:27,-1227,374
11:52:30,-1228,376
11:52:33,-1225,370
11:52:36,-1236,396
11:52:39,-1238,392
11:52:42,-1235,390
11:52:45,-1244,412
11:52:48,-1238,397
11:52:51,-1242,385
11:52:54,-1236,389
11:52:57,-1227,384
11:53:00,-1251,377
11:53:03,-1249,399
11:53:06,-1243,381
11:53:09,-1235,371
11:53:12,-1243,378
11:53:15,-1232,397
11:53:18,-1216,396
11:53:21,-1243,391
11:53:24,-1243,387
11:53:27,-1239,395
11:53:30,-1243,389
11:53:33,-1232,387
11:53:36,-1241,389
11:53:39,-1239,396
11:53:42,-1234,384
11:53:45,-1241,391
11:53:48,-1234,386
11:53:51,-1233,383
11:53:54,-1233,398
11:53:57,-1239,386
11:54:00,-1223,388
11:54:03,-1239,392
11:54:06,-1238,397
11:54:09,-1236,382
11:54:12,-1227,374
11:54:15,-1224,365
11:54:18,-1219,364
11:54:21,-1217,365
11:54:24,-1228,370
11:54:27,-1227,375
11:54:30,-1231,382
11:54:33,-1228,371
11:54:36,-1235,381
11:54:39,-1232,381
11:54:42,-1225,370
11:54:45,-1220,371
11:54:48,-1231,372
11:54:51,-1230,361
11:54:54,-1220,372
11:54:57,-1228,370
11:55:00,-1218,375
11:55:03,-1230,387
11:55:06,-1232,380
11:55:09,-1218,349
11:55:12,-1236,366
11:55:15,-1233,376
11:55:18,-1222,365
11:55:21,-1229,382
11:55:24,-1226,395
11:55:27,-1233,374
11:55:30,-1219,378
11:55:33,-1217,357
11:55:36,-1222,360
11:55:39,-1218,355
11:55:42,-1217,366
11:55:45,-1201,361
11:55:48,-1230,361
11:55:51,-1217,352
11:55:54,-1217,358
11:55:57,-1231,361
11:56:00,-1220,366
11:56:03,-1225,361
11:56:09,-1215,381
11:56:09,-1242,386
11:56:12,-1222,366
11:56:15,-1228,372
11:56:18,-1227,369
11:56:21,-1232,365
11:56:24,-1227,380
11:56:27,-1215,383
11:56:30,-1229,390
11:56:33,-1221,352
11:56:36,-1216,344
11:56:39,-1223,356
11:56:42,-1222,362
11:56:45,-1237,371
11:56:48,-1228,366
11:56:51,-1229,385
11:56:54,-1236,355
11:56:57,-1215,360
11:57:00,-1229,359
11:57:03,-1216,380
11:57:06,-1205,363
11:57:09,-1217,370
11:57:12,-1229,363
11:57:15,-1227,357
11:57:18,-1226,367
11:57:21,-1235,362
11:57:24,-1221,355
11:57:27,-1243,358
11:57:30,-1214,349
11:57:33,-1219,353
11:57:36,-1228,364
11:57:39,-1238,369
11:57:42,-1232,377
11:57:45,-1219,362
11:57:48,-1219,350
11:57:51,-1209,337
11:57:54,-1219,334
11:57:57,-1216,351
11:58:00,-1220,352
11:58:03,-1222,357
11:58:06,-1213,353
11:58:09,-1220,338
11:58:12,-1202,347
11:58:15,-1204,347
11:58:18,-1221,365
11:58:21,-1214,362
11:58:24,-1215,366
11:58:27,-1215,371
11:58:30,-1217,359
11:58:33,-1197,372
11:58:36,-1224,363
11:58:39,-1220,362
11:58:42,-1221,370
11:58:45,-1221,357
11:58:48,-1222,352
11:58:51,-1221,360
11:58:54,-1201,365
11:58:57,-1229,368
11:59:00,-1224,368
11:59:03,-1216,352
11:59:06,-1226,372
11:59:09,-1222,372
11:59:12,-1225,355
11:59:15,-1192,358
11:59:18,-1223,363
11:59:21,-1220,346
11:59:24,-1212,330
11:59:27,-1221,358
11:59:30,-1233,345
11:59:33,-1235,353
11:59:36,-1220,356
11:59:39,-1222,356
11:59:42,-1221,358
11:59:45,-1215,339
11:59:48,-1219,343
11:59:51,-1219,349
11:59:54,-1213,354
11:59:57,-1217,353
12:00:00,-1207,345
12:00:03,-1212,339
12:00:06,-1219,346
12:00:09,-1208,346
12:00:12,-1215,331
12:00:15,-1209,341
12:00:18,-1203,351
12:00:21,-1224,340
12:00:24,-1216,339
12:00:27,-1213,343
12:00:30,-1213,335
12:00:33,-1208,334
12:00:36,-1205,340
12:00:39,-1196,340
12:00:42,-1211,329
12:00:45,-1215,334
12:00:48,-1205,337
12:00:51,-1210,336
12:00:54,-1211,338
12:00:57,-1210,339
12:01:00,-1205,340
12:01:03,-1212,331
12:01:06,-1214,335
12:01:09,-1208,319
12:01:12,-1207,338
12:01:15,-1200,335
12:01:18,-1201,336
12:01:21,-1179,340
12:01:24,-1195,330
12:01:27,-1202,343
12:01:30,-1197,347
12:01:33,-1180,355
12:01:36,-1195,345
12:01:39,-1188,338
12:01:42,-1190,344
12:01:45,-1203,346
12:01:48,-1208,351
12:01:51,-1202,339
12:01:54,-1191,334
12:01:57,-1193,330
12:02:00,-1198,330
12:02:03,-1190,325
12:02:06,-1190,339
12:02:09,-1198,323
12:02:12,-1202,329
12:02:15,-1183,328
12:02:18,-1198,327
12:02:21,-1189,331
12:02:24,-1181,355
12:02:27,-1201,354
12:02:30,-1199,359
12:02:33,-1202,341
12:02:36,-1178,325
12:02:39,-1183,323
12:02:42,-1198,333
12:02:45,-1186,332
12:02:48,-1196,325
12:02:51,-1180,333
12:02:54,-1181,331
12:02:57,-1191,325
12:03:00,-1196,319
12:03:03,-1181,329
12:03:06,-1180,315
12:03:09,-1173,319
12:03:12,-1198,347
12:03:15,-1187,324
12:03:18,-1181,319
12:03:21,-1180,320
12:03:24,-1192,347
12:03:27,-1167,335
12:03:30,-1182,343
12:03:33,-1189,331
12:03:36,-1177,329
12:03:39,-1188,328
12:03:42,-1193,336
12:03:45,-1183,332
12:03:48,-1159,330
12:03:51,-1190,325
12:03:54,-1182,321
12:03:57,-1177,337
12:04:00,-1187,319
12:04:03,-1152,322
12:04:06,-1182,317
12:04:09,-1141,329
12:04:12,-1182,311
12:04:15,-1177,319
12:04:18,-1189,321
12:04:21,-1177,321
12:04:24,-1186,318
12:04:27,-1173,321
12:04:30,-1165,324
12:04:33,-1180,326
12:04:36,-1186,322
12:04:39,-1197,339
12:04:42,-1175,322
12:04:45,-1181,316
12:04:49,-1175,324
12:04:51,-1149,325
12:04:54,-1180,316
12:04:57,-1178,328
12:05:00,-1182,325
12:05:03,-1179,319
12:05:06,-1179,309
12:05:09,-1178,313
12:05:12,-1145,328
12:05:15,-1176,328
12:05:18,-1175,321
12:05:21,-1177,322
12:05:24,-1184,305
12:05:27,-1184,333
12:05:30,-1179,293
12:05:33,-1165,330
12:05:36,-1178,327
12:05:39,-1181,310
12:05:42,-1173,306
12:05:45,-1179,306
12:05:48,-1170,311
12:05:51,-1178,320
12:05:54,-1146,309
12:05:57,-1177,295
12:06:00,-1176,308
12:06:03,-1176,309
12:06:06,-1174,317
12:06:09,-1182,333
12:06:12,-1180,314
12:06:15,-1157,310
12:06:18,-1181,321
12:06:21,-1191,346
12:06:24,-1182,337
12:06:27,-1184,319
12:06:30,-1166,318
12:06:33,-1175,331
12:06:36,-1144,310
12:06:39,-1172,316
12:06:42,-1175,335
12:06:45,-1179,343
12:06:48,-1180,337
12:06:51,-1179,333
12:06:54,-1168,320
12:06:57,-1133,307
12:07:00,-1177,330
12:07:03,-1176,327
12:07:06,-1172,305
12:07:09,-1177,313
12:07:12,-1167,328
12:07:15,-1176,321
12:07:18,-1159,320
12:07:21,-1182,322
12:07:24,-1170,323
12:07:27,-1166,336
12:07:30,-1173,314
12:07:33,-1176,320
12:07:36,-1168,316
12:07:39,-1145,313
12:07:42,-1175,326
12:07:45,-1172,326
12:07:48,-1165,321
12:07:51,-1172,328
12:07:54,-1187,326
12:07:57,-1168,330
12:08:00,-1149,318
12:08:03,-1160,351
12:08:06,-1162,338
12:08:09,-1153,327
12:08:12,-1165,330
12:08:15,-1163,331
12:08:18,-1172,332
12:08:21,-1164,329
12:08:24,-1179,319
12:08:27,-1178,308
12:08:30,-1180,325
12:08:33,-1189,316
12:08:36,-1175,320
12:08:39,-1178,336
12:08:42,-1150,316
12:08:45,-1175,328
12:08:48,-1167,316
12:08:51,-1162,324
12:08:54,-1167,315
12:08:57,-1168,336
12:09:00,-1169,323
12:09:03,-1149,313
12:09:06,-1183,325
12:09:09,-1176,338
12:09:12,-1161,316
12:09:15,-1170,312
12:09:18,-1173,323
12:09:21,-1179,317
12:09:24,-1146,311
12:09:27,-1168,318
12:09:30,-1170,331
12:09:33,-1179,326
12:09:36,-1177,313
12:09:39,-1175,309
12:09:42,-1165,307
12:09:45,-1150,317
12:09:48,-1172,315
12:09:51,-1164,317
12:09:54,-1180,311
12:09:57,-1171,321
12:10:00,-1183,325
12:10:03,-1175,329
12:10:06,-1157,313
12:10:09,-1183,325
12:10:12,-1187,313
12:10:15,-1175,325
12:10:18,-1182,319
12:10:21,-1185,324
12:10:24,-1177,324
12:10:27,-1178,315
12:10:30,-1168,319
12:10:33,-1176,304
12:10:36,-1177,313
12:10:39,-1171,318
12:10:42,-1180,316
12:10:45,-1172,309
12:10:48,-1149,303
12:10:51,-1186,311
12:10:54,-1184,301
12:10:57,-1188,300
12:11:00,-1177,309
12:11:03,-1179,310
12:11:06,-1176,313
12:11:09,-1149,309
12:11:12,-1193,307
12:11:15,-1186,325
12:11:18,-1180,302
12:11:21,-1192,314
12:11:24,-1181,308
12:11:27,-1180,296
12:11:30,-1161,314
12:11:33,-1182,310
12:11:36,-1191,309
12:11:39,-1186,299
12:11:42,-1186,304
12:11:45,-1185,298
12:11:48,-1188,305
12:11:51,-1159,315
12:11:54,-1194,335
12:11:57,-1192,328
12:12:00,-1181,335
12:12:03,-1181,312
12:12:06,-1184,318
12:12:09,-1187,304
12:12:12,-1153,283
12:12:15,-1178,287
12:12:18,-1174,292
12:12:21,-1178,275
12:12:24,-1172,274
12:12:27,-1171,272
12:12:30,-1143,267
12:12:33,-1140,260
12:12:36,-1168,275
12:12:39,-1167,272
12:12:42,-1157,265
12:12:46,-1152,264
12:12:48,-1168,266
12:12:51,-1165,261
12:12:54,-1161,266
12:12:57,-1166,249
12:13:00,-1172,260
12:13:03,-1181,186
12:13:06,-1158,284
12:13:09,-1173,268
12:13:12,-1157,282
12:13:15,-1156,265
12:13:18,-1182,274
12:13:21,-1183,273
12:13:24,-1184,293
12:13:27,-1189,296
12:13:30,-1249,310
12:13:33,-1203,297
12:13:36,-1195,292
12:13:39,-1205,286
12:13:42,-1206,287
12:13:45,-1205,291
12:13:48,-1204,341
12:13:51,-1241,430
12:13:54,-1239,436
12:13:57,-1211,283
12:14:00,-1222,288
12:14:03,-1224,290
12:14:06,-1223,287
12:14:09,-1232,569
12:14:12,-1242,514
12:14:15,-1251,571
12:14:18,-1266,558
12:14:21,-1303,546
12:14:24,-1219,394
12:14:27,-1264,441
12:14:30,-1238,438
12:14:33,-1244,424
12:14:36,-1235,429
12:14:39,-1218,432
12:14:42,-1253,427
12:14:45,-1243,439
12:14:48,-1256,429
12:14:51,-1253,456
12:14:54,-1222,389
12:14:57,-1212,406
12:15:00,-1227,435
12:15:03,-1254,462
12:15:06,-1282,505
12:15:09,-1291,498
12:15:12,-1310,503
12:15:15,-1305,527
12:15:18,-1262,440
12:15:21,-1282,477
12:15:24,-1309,469
12:15:28,-1286,460
12:15:30,-1269,464
12:15:33,-1290,461
12:15:36,-1285,486
12:15:39,-1294,486
12:15:42,-1274,475
12:15:45,-1291,479
12:15:48,-1317,500
12:15:51,-1341,503
12:15:54,-1352,523
12:15:57,-1357,499
12:16:00,-1317,468
12:16:03,-1306,472
12:16:06,-1308,484
12:16:09,-1291,504
12:16:12,-1283,546
12:16:15,-1095,579
12:16:18,-966,702
12:16:22,-896,666
12:16:24,-910,680
12:16:27,-976,691
12:16:30,-850,505
12:16:33,-822,579
12:16:37,-891,676
12:16:40,-916,667
12:16:42,-927,690
12:16:45,-916,661
12:16:48,-930,608
12:16:51,-930,623
12:16:54,-833,520
12:16:57,-888,665
12:17:00,-924,657
12:17:03,-923,694
12:17:18,-899,784
12:17:18,-905,699
12:17:18,-964,776
12:17:18,-1022,534
12:17:18,-1008,544
12:17:21,-1011,545
12:17:24,-982,545
12:17:27,-983,540
12:17:30,-978,537
12:17:33,-969,544
12:17:36,-971,552
12:17:39,-964,551
12:17:42,-969,544
12:17:45,-969,545
12:17:49,-945,541
12:17:51,-934,556
12:17:54,-732,467
12:17:57,-787,623
12:18:00,-865,613
12:18:03,-864,611
12:18:06,-849,607
12:18:10,-853,616
12:18:12,-865,613
12:18:15,-861,615
12:18:18,-878,656
12:18:21,-876,652
12:18:24,-869,614
12:18:27,-864,627
12:18:30,-850,622
12:18:33,-850,614
12:18:36,-837,625
12:18:39,-836,610
12:18:42,-835,615
12:18:45,-826,601
12:18:48,-821,598
12:18:51,-824,609
12:18:54,-835,607
12:18:57,-828,612
12:19:00,-835,610
12:19:03,-823,604
12:19:06,-835,610
12:19:09,-838,624
12:19:12,-829,617
12:19:15,-814,608
12:19:18,-825,604
12:19:21,-819,602
12:19:24,-823,598
12:19:27,-816,593
12:19:30,-806,585
12:19:33,-803,596
12:19:36,-825,615
12:19:39,-813,604
12:19:42,-813,602
12:19:45,-826,602
12:19:49,-822,610
12:19:51,-823,609
12:19:54,-812,599
12:19:57,-815,599
12:20:01,-820,606
12:20:03,-832,602
12:20:06,-806,604
12:20:09,-810,599
12:20:12,-804,612
12:20:15,-804,608
12:20:18,-814,602
12:20:22,-812,605
12:20:25,-810,606
12:20:27,-813,605
12:20:31,-807,617
12:20:34,-813,607
12:20:37,-823,622
12:20:40,-820,616
12:20:43,-816,614
12:20:46,-810,623
12:20:49,-823,621
12:20:52,-786,639
12:20:55,-839,649
12:20:58,-818,626
12:21:01,-812,624
12:21:04,-820,631
12:21:07,-816,626
12:21:10,-813,609
12:21:13,-802,614
12:21:16,-798,628
12:21:19,-797,629
12:21:22,-790,614
12:21:25,-797,615
12:21:28,-805,621
12:21:31,-790,608
12:21:34,-803,617
12:21:37,-799,598
12:21:40,-793,620
12:21:43,-800,613
12:21:46,-797,609
12:21:49,-794,608
12:21:52,-803,604
12:21:55,-790,611
12:21:58,-788,602
12:22:01,-803,604
12:22:04,-810,615
12:22:07,-794,614
12:22:10,-771,621
12:22:13,-780,625
12:22:16,-795,625
12:22:19,-815,621
12:22:22,-801,615
12:22:25,-816,623
12:22:28,-778,643
12:22:31,-786,646
12:22:34,-778,656
12:22:37,-786,651
12:22:40,-792,638
12:22:43,-772,632
12:22:46,-782,624
12:22:49,-779,619
12:22:52,-790,628
12:22:55,-793,611
12:22:58,-776,612
12:23:01,-796,593
12:23:04,-781,616
12:23:07,-788,616
12:23:10,-783,601
12:23:13,-786,607
12:23:16,-782,599
12:23:19,-793,602
12:23:22,-794,599
12:23:25,-794,608
12:23:28,-780,608
12:23:31,-791,609
12:23:34,-788,599
12:23:37,-799,625
12:23:40,-797,624
12:23:43,-786,613
12:23:46,-798,634
12:23:49,-799,624
12:23:52,-789,601
12:23:55,-783,621
12:23:58,-794,624
12:24:01,-794,608
12:24:04,-782,623
12:24:07,-764,596
12:24:10,-772,613
12:24:13,-781,626
12:24:16,-760,628
12:24:19,-789,634
12:24:22,-770,595
12:24:25,-769,591
12:24:28,-793,611
12:24:31,-783,598
12:24:34,-779,596
12:24:37,-778,627
12:24:40,-773,603
12:24:43,-787,613
12:24:46,-781,605
12:24:49,-795,622
12:24:52,-783,603
12:24:55,-782,621
12:24:58,-782,598
12:25:01,-788,622
12:25:04,-783,592
12:25:07,-774,587
12:25:10,-778,580
12:25:13,-766,583
12:25:16,-777,597
12:25:19,-784,594
12:25:22,-797,615
12:25:25,-797,619
12:25:28,-794,624
12:25:31,-791,609
12:25:34,-782,609
12:25:37,-796,618
12:25:40,-787,599
12:25:43,-793,610
12:25:46,-782,597
12:25:49,-782,590
12:25:52,-794,603
12:25:55,-791,594
12:25:58,-778,586
12:26:01,-782,595
12:26:04,-789,616
12:26:07,-780,608
12:26:10,-775,602
12:26:13,-777,607
12:26:16,-777,616
12:26:19,-788,611
12:26:22,-789,614
12:26:25,-775,607
12:26:28,-787,604
12:26:31,-787,614
12:26:34,-779,624
12:26:37,-792,612
12:26:40,-785,621
12:26:43,-798,616
12:26:46,-789,611
12:26:49,-773,604
12:26:52,-790,621
12:26:55,-784,597
12:26:58,-794,625
12:27:01,-798,607
12:27:04,-794,606
12:27:07,-787,609
12:27:10,-780,598
12:27:13,-780,610
12:27:16,-787,603
12:27:19,-787,606
12:27:22,-793,603
12:27:25,-778,603
12:27:28,-791,602
12:27:31,-783,613
12:27:34,-790,599
12:27:37,-803,603
12:27:40,-792,602
12:27:43,-792,616
12:27:46,-800,604
12:27:49,-774,605
12:27:52,-789,613
12:27:55,-792,609
12:27:58,-802,611
12:28:01,-782,600
12:28:04,-790,602
12:28:07,-801,619
12:28:10,-792,606
12:28:13,-777,609
12:28:16,-765,599
12:28:19,-767,601
12:28:22,-780,601
12:28:25,-780,615
12:28:28,-779,601
12:28:31,-779,606
12:28:34,-773,607
12:28:37,-766,612
12:28:40,-763,606
12:28:43,-779,610
12:28:46,-773,613
12:28:49,-774,620
12:28:52,-781,622
12:28:55,-777,619
12:28:58,-786,607
12:29:01,-789,618
12:29:04,-777,617
12:29:07,-783,611
12:29:10,-784,617
12:29:13,-780,615
12:29:16,-765,606
12:29:19,-788,622
12:29:22,-771,614
12:29:25,-782,616
12:29:28,-766,610
12:29:31,-779,613
12:29:34,-778,614
12:29:37,-782,622
12:29:40,-780,608
12:29:43,-773,612
12:29:46,-785,609
12:29:49,-777,615
12:29:52,-782,606
12:29:55,-772,612
12:29:58,-779,609
12:30:01,-762,622
12:30:04,-786,621
12:30:07,-780,627
12:30:10,-789,630
12:30:13,-797,632
12:30:16,-785,620
12:30:19,-784,623
12:30:22,-782,625
12:30:25,-788,622
12:30:28,-776,639
12:30:31,-784,636
12:30:34,-789,642
12:30:37,-779,639
12:30:40,-787,629
12:30:43,-783,616
12:30:46,-781,638
12:30:49,-779,623
12:30:52,-777,635
12:30:55,-762,608
12:30:58,-762,611
12:31:01,-767,637
12:31:05,-774,632
12:31:07,-749,629
12:31:10,-774,635
12:31:13,-777,620
12:31:16,-755,617
12:31:19,-778,631
12:31:22,-778,631
12:31:25,-772,626
12:31:28,-769,622
12:31:31,-776,624
12:31:34,-788,633
12:31:37,-772,622
12:31:40,-779,636
12:31:43,-787,633
12:31:46,-784,631
12:31:49,-773,628
12:31:52,-788,640
12:31:55,-789,640
12:31:58,-783,624
12:32:01,-786,631
12:32:04,-792,628
12:32:07,-793,616
12:32:10,-785,622
12:32:13,-777,638
12:32:16,-785,628
12:32:19,-788,625
12:32:22,-788,617
12:32:25,-790,617
12:32:28,-785,636
12:32:31,-783,627
12:32:34,-780,625
12:32:37,-777,627
12:32:40,-779,630
12:32:43,-784,632
12:32:46,-786,635
12:32:51,-799,624
12:32:52,-784,617
12:32:55,-789,634
12:32:59,-782,610
12:33:01,-780,615
12:33:04,-786,620
12:33:07,-790,619
12:33:10,-781,617
12:33:13,-779,617
12:33:16,-783,619
12:33:19,-783,597
12:33:22,-784,623
12:33:25,-788,615
12:33:28,-778,623
12:33:31,-789,624
12:33:34,-787,613
12:33:37,-793,626
12:33:40,-785,627
12:33:43,-794,634
12:33:46,-790,640
12:33:49,-789,636
12:33:52,-780,643
12:33:55,-796,621
12:33:58,-797,627
12:34:01,-791,635
12:34:04,-798,632
12:34:07,-804,636
12:34:10,-785,625
12:34:13,-759,615
12:34:16,-752,622
12:34:19,-766,620
12:34:22,-773,630
12:34:25,-784,605
12:34:28,-778,628
12:34:31,-788,623
12:34:34,-801,634
12:34:37,-797,628
12:34:40,-794,624
12:34:43,-791,628
12:34:46,-799,633
12:34:49,-776,641
12:34:52,-793,638
12:34:55,-780,591
12:34:58,-789,604
12:35:01,-782,605
12:35:04,-782,605
12:35:07,-771,612
12:35:10,-778,635
12:35:13,-786,639
12:35:16,-785,629
12:35:19,-788,642
12:35:22,-775,633
12:35:25,-841,745
12:35:28,-819,768
12:35:31,-806,791
12:35:34,-879,759
12:35:37,-884,765
12:35:40,-907,812
12:35:43,-890,871
12:35:46,-958,854
12:35:49,-1031,677
12:35:52,-1032,762
12:35:55,-1020,730
12:35:58,-1028,696
12:36:01,-1062,676
12:36:04,-1036,696
12:36:07,-1005,701
12:36:10,-1018,655
12:36:13,-1040,668
12:36:16,-1022,721
12:36:19,-1014,726
12:36:22,-1020,739
12:36:25,-1001,726
12:36:28,-994,759
12:36:31,-1009,794
12:36:34,-990,800
12:36:37,-971,806
12:36:40,-982,826
12:36:43,-988,889
12:36:46,-999,833
12:36:49,-999,813
12:36:52,-996,801
12:36:55,-1001,787
12:36:58,-998,779
12:37:01,-1023,778
12:37:04,-990,754
12:37:07,-999,778
12:37:10,-980,704
12:37:13,-979,743
12:37:16,-966,720
12:37:19,-974,731
12:37:22,-939,779
12:37:25,-952,772
12:37:28,-955,728
12:37:31,-957,810
12:37:34,-967,792
12:37:37,-971,820
12:37:40,-989,730
12:37:43,-957,690
12:37:46,-958,676
12:37:49,-956,686
12:37:52,-943,688
12:37:55,-940,678
12:37:58,-953,684
12:38:01,-940,688
12:38:04,-933,681
12:38:07,-945,678
12:38:10,-943,677
12:38:13,-948,683
12:38:16,-921,682
12:38:19,-947,673
12:38:22,-945,683
12:38:25,-943,682
12:38:28,-939,682
12:38:31,-944,687
12:38:34,-946,689
12:38:37,-939,698
12:38:40,-937,683
12:38:43,-939,687
12:38:46,-940,700
12:38:49,-941,689
12:38:52,-945,690
12:38:55,-925,688
12:38:58,-925,702
12:39:01,-937,701
12:39:04,-935,685
12:39:07,-931,692
12:39:10,-922,700
12:39:13,-943,708
12:39:16,-937,699
12:39:19,-945,705
12:39:22,-947,708
12:39:25,-948,698
12:39:28,-942,704
12:39:31,-948,689
12:39:34,-944,685
12:39:37,-926,685
12:39:40,-941,688
12:39:43,-940,688
12:39:46,-935,701
12:39:49,-931,689
12:39:52,-935,682
12:39:55,-931,693
12:39:58,-941,714
12:40:01,-636,600
12:40:04,-578,667
12:40:07,-962,697
12:40:10,-960,689
12:40:13,-943,693
12:40:16,-944,702
12:40:19,-986,734
12:40:22,-1032,749
12:40:25,-811,749
12:40:28,-902,900
12:40:31,-803,840
12:40:34,-1342,824
12:40:37,-772,1014
12:40:40,-1218,832
12:40:43,-1224,838
12:40:46,-1201,841
12:40:49,-1204,855
12:40:52,-1159,870
12:40:55,-1128,919
12:40:58,-1130,870
12:41:01,-1138,880
12:41:04,-1152,928
12:41:07,-1120,960
12:41:10,-1119,976
12:41:13,-1122,938
12:41:16,-1116,923
12:41:19,-1128,922
12:41:22,-1104,948
12:41:25,-1104,951
12:41:28,-1122,975
12:41:31,-1117,987
12:41:34,-1114,958
12:41:37,-1117,947
12:41:40,-1141,967
12:41:43,-1146,976
12:41:46,-1117,970
12:41:49,-1139,946
12:41:52,-1154,976
12:41:55,-1150,966
12:41:58,-1140,944
12:42:01,-1140,924
12:42:04,-1167,978
12:42:07,-1118,931
12:42:10,-1162,956
12:42:13,-1159,973
12:42:16,-1167,975
12:42:19,-1150,969
12:42:22,-1130,1151
12:42:25,-1060,1272
12:42:28,-881,1285
12:42:31,-761,1310
12:42:34,-595,1246
12:42:37,-629,1287
12:42:40,-523,1155
12:42:43,-476,1159
12:42:46,-471,1154
12:42:49,-462,1125
12:42:52,-483,1136
12:42:55,-480,1116
12:42:58,-481,1132
12:43:01,-501,1129
12:43:04,-480,1153
12:43:07,-545,1147
12:43:10,-548,1105
12:43:13,-589,1195
12:43:16,-514,1023
12:43:19,-525,1022
12:43:22,-524,1013
12:43:25,-515,1011
12:43:28,-518,1045
12:43:31,-521,1031
12:43:34,-504,1008
12:43:37,-514,1007
12:43:40,-527,1000
12:43:43,-528,997
12:43:46,-520,991
12:43:49,-517,1003
12:43:52,-536,995
12:43:55,-534,1000
12:43:58,-535,997
12:44:01,-526,1012
12:44:04,-511,1009
12:44:07,-512,992
12:44:10,-508,999
12:44:13,-543,1009
12:44:16,-542,1018
12:44:19,-532,1002
12:44:22,-536,978
12:44:25,-519,991
12:44:28,-547,1019
12:44:31,-542,1002
12:44:34,-542,1013
12:44:37,-533,1001
12:44:40,-517,981
12:44:43,-535,1006
12:44:46,-517,984
12:44:49,-522,997
12:44:52,-506,975
12:44:55,-517,977
12:44:58,-520,966
12:45:01,-518,985
12:45:04,-507,970
12:45:07,-506,955
12:45:10,-492,954
12:45:13,-521,992
12:45:16,-520,983
12:45:19,-518,960
12:45:22,-511,980
12:45:25,-506,973
12:45:28,-500,968
12:45:31,-517,991
12:45:34,-515,977
12:45:37,-518,981
12:45:40,-540,1001
12:45:43,-532,1009
12:45:46,-513,950
12:45:49,-531,949
12:45:52,-508,957
12:45:55,-533,990
12:45:58,-521,985
12:46:01,-516,973
12:46:04,-518,971
12:46:07,-516,981
12:46:10,-497,1005
12:46:13,-519,968
12:46:16,-480,984
12:46:19,-527,991
12:46:22,-520,995
12:46:25,-525,997
12:46:28,-516,967
12:46:31,-535,1031
12:46:34,-533,1039
12:46:37,-527,974
12:46:40,-541,1025
12:46:43,-531,1008
12:46:46,-531,983
12:46:49,-512,980
12:46:52,-513,982
12:46:55,-514,999
12:46:58,-508,987
12:47:01,-525,989
12:47:04,-513,1013
12:47:07,-527,1001
12:47:10,-505,1029
12:47:13,-495,995
12:47:16,-523,1007
12:47:19,-481,995
12:47:22,-531,997
12:47:25,-521,996
12:47:28,-514,1006
12:47:31,-539,997
12:47:34,-531,1011
12:47:37,-533,1007
12:47:40,-517,988
12:47:49,-514,988
12:47:49,-494,978
12:47:49,-516,998
12:47:52,-487,1011
12:47:55,-493,988
12:47:58,-509,982
12:48:01,-515,968
12:48:04,-520,977
12:48:07,-520,984
12:48:10,-509,973
12:48:13,-529,976
12:48:16,-519,982
12:48:19,-516,983
12:48:22,-523,979
12:48:25,-531,984
12:48:34,-492,993
12:48:34,-485,979
12:48:34,-479,986
12:48:37,-490,975
12:48:40,-524,969
12:48:43,-532,965
12:48:46,-521,963
12:48:49,-517,961
12:48:52,-522,948
12:48:55,-514,974
12:48:58,-522,958
12:49:01,-515,969
12:49:04,-533,962
12:49:07,-527,964
12:49:10,-522,959
12:49:13,-515,974
12:49:16,-508,985
12:49:19,-508,980
12:49:22,-527,971
12:49:25,-518,981
12:49:30,-481,1017
12:49:31,-509,967
12:49:34,-522,990
12:49:37,-515,988
12:49:40,-493,994
12:49:43,-511,1005
12:49:46,-515,980
12:49:49,-532,969
12:49:52,-524,958
12:49:55,-521,977
12:49:58,-492,990
12:50:01,-537,966
12:50:04,-506,970
12:50:07,-489,966
12:50:10,-525,964
12:50:13,-523,983
12:50:16,-516,971
12:50:19,-520,980
12:50:22,-533,955
12:50:25,-509,986
12:50:28,-494,981
12:50:31,-502,975
12:50:34,-484,998
12:50:37,-505,997
12:50:40,-491,972
12:50:43,-509,970
12:50:46,-508,965
12:50:49,-532,994
12:50:52,-504,956
12:50:55,-530,977
12:50:58,-529,995
12:51:01,-514,963
12:51:04,-531,985
12:51:07,-525,960
12:51:10,-502,941
12:51:13,-489,985
12:51:16,-519,960
12:51:19,-521,955
12:51:22,-508,963
12:51:25,-518,955
12:51:28,-514,951
12:51:31,-531,946
12:51:34,-527,946
12:51:37,-535,947
12:51:40,-520,945
12:51:43,-527,982
12:51:46,-511,966
12:51:49,-522,963
12:51:52,-520,937
12:51:55,-487,946
12:51:58,-522,935
12:52:01,-530,939
12:52:04,-528,929
12:52:07,-512,935
12:52:10,-517,940
12:52:13,-531,941
12:52:16,-520,937
12:52:19,-513,946
12:52:22,-523,933
12:52:25,-520,945
12:52:28,-510,944
12:52:31,-492,972
12:52:34,-522,944
12:52:37,-520,959
12:52:40,-523,946
12:52:43,-516,956
12:52:46,-507,931
12:52:49,-514,944
12:52:52,-516,936
12:52:55,-515,939
12:52:58,-508,939
12:53:01,-513,941
12:53:04,-514,931
12:53:07,-517,939
12:53:10,-509,931
12:53:13,-509,937
12:53:16,-503,933
12:53:19,-499,926
12:53:22,-510,923
12:53:25,-514,946
12:53:28,-503,928
12:53:31,-513,928
12:53:34,-516,924
12:53:37,-531,965
12:53:40,-517,919
12:53:43,-534,922
12:53:46,-516,935
12:53:49,-519,915
12:53:52,-516,917
12:53:55,-519,921
12:53:58,-521,921
12:54:01,-517,903
12:54:04,-523,913
12:54:07,-519,918
12:54:10,-502,928
12:54:13,-524,912
12:54:16,-516,915
12:54:19,-510,910
12:54:22,-525,921
12:54:25,-523,933
12:54:28,-523,915
12:54:31,-504,922
12:54:34,-518,939
12:54:37,-507,918
12:54:40,-521,909
12:54:43,-527,917
12:54:46,-517,900
12:54:49,-511,909
12:54:52,-526,911
12:54:55,-528,914
12:54:58,-512,916
12:55:01,-534,918
12:55:04,-526,933
12:55:07,-536,931
12:55:10,-532,914
12:55:13,-532,899
12:55:16,-515,907
12:55:19,-532,936
12:55:22,-532,931
12:55:25,-531,910
12:55:28,-513,933
12:55:31,-527,936
12:55:34,-538,938
12:55:37,-524,912
12:55:40,-523,917
12:55:43,-514,896
12:55:46,-496,896
12:55:49,-514,911
12:55:52,-498,904
12:55:55,-493,923
12:55:58,-480,945
12:56:01,-501,941
12:56:07,-482,930
12:56:07,-499,906
12:56:10,-506,893
12:56:13,-513,901
12:56:16,-491,892
12:56:19,-517,908
12:56:22,-515,905
12:56:25,-519,911
12:56:28,-513,925
12:56:31,-515,905
12:56:34,-508,911
12:56:37,-514,914
12:56:40,-508,913
12:56:43,-512,904
12:56:46,-504,924
12:56:49,-507,909
12:56:52,-488,925
12:56:55,-521,936
12:56:58,-530,939
12:57:01,-535,910
12:57:04,-519,925
12:57:07,-519,912
12:57:10,-527,910
12:57:13,-518,930
12:57:16,-515,916
12:57:19,-523,921
12:57:22,-529,906
12:57:25,-529,912
12:57:28,-522,904
12:57:31,-514,910
12:57:34,-517,908
12:57:37,-523,918
12:57:40,-517,906
12:57:45,-504,929
12:57:46,-488,927
12:57:49,-530,908
12:57:52,-526,893
12:57:55,-534,896
12:57:58,-537,893
12:58:01,-532,899
12:58:04,-531,891
12:58:07,-526,897
12:58:10,-531,896
12:58:14,-539,896
12:58:16,-519,902
12:58:19,-536,897
12:58:22,-538,903
12:58:25,-531,901
12:58:28,-534,899
12:58:31,-520,892
12:58:34,-536,890
12:58:37,-537,889
12:58:40,-522,898
12:58:43,-535,903
12:58:46,-525,917
12:58:49,-517,892
12:58:52,-540,887
12:58:55,-531,895
12:58:58,-542,893
12:59:02,-533,888
12:59:04,-533,889
12:59:07,-529,900
12:59:10,-531,904
12:59:14,-538,905
12:59:16,-521,905
12:59:19,-523,883
12:59:22,-526,895
12:59:25,-521,908
12:59:28,-506,911
12:59:31,-508,896
12:59:34,-516,902
12:59:38,-514,905
12:59:40,-511,903
12:59:43,-520,902
12:59:46,-519,910
12:59:49,-512,902
12:59:52,-504,893
12:59:55,-513,907
12:59:58,-520,898
13:00:02,-522,900
13:00:04,-522,906
13:00:07,-506,910
13:00:10,-518,907
13:00:13,-504,919
13:00:16,-509,913
13:00:19,-513,899
13:00:22,-525,890
13:00:25,-517,883
13:00:28,-518,906
13:00:31,-509,906
13:00:34,-526,888
13:00:37,-529,896
13:00:40,-522,894
13:00:43,-523,889
13:00:46,-516,896
13:00:49,-512,882
13:00:52,-527,887
13:00:55,-524,882
13:00:58,-531,875
13:01:02,-530,880
13:01:04,-525,877
13:01:07,-511,885
13:01:10,-532,891
13:01:13,-537,883
13:01:16,-532,863
13:01:19,-527,887
13:01:22,-527,885
13:01:25,-519,888
13:01:28,-539,883
13:01:31,-525,908
13:01:34,-537,875
13:01:37,-540,880
13:01:40,-539,884
13:01:43,-532,878
13:01:46,-523,893
13:01:49,-515,885
13:01:52,-525,885
13:01:55,-525,872
13:02:00,-529,873
13:02:01,-508,899
13:02:04,-517,896
13:02:07,-512,882
13:02:10,-529,879
13:02:13,-536,892
13:02:16,-532,872
13:02:19,-536,891
13:02:22,-526,876
13:02:25,-534,872
13:02:28,-520,877
13:02:31,-491,892
13:02:34,-528,878
13:02:38,-533,867
13:02:40,-531,867
13:02:43,-551,895
13:02:46,-532,882
13:02:49,-546,884
13:02:52,-540,895
13:02:55,-532,855
13:02:58,-527,859
13:03:01,-522,878
13:03:04,-531,891
13:03:07,-539,891
13:03:10,-520,872
13:03:13,-525,879
13:03:16,-526,874
13:03:19,-544,877
13:03:22,-534,877
13:03:25,-549,867
13:03:28,-524,854
13:03:31,-525,850
13:03:34,-529,854
13:03:42,-533,861
13:03:42,-493,889
13:03:43,-487,885
13:03:46,-540,871
13:03:49,-536,870
13:03:53,-522,859
13:03:55,-529,863
13:03:58,-525,865
13:04:01,-530,862
13:04:05,-534,867
13:04:07,-522,872
13:04:10,-521,884
13:04:13,-507,871
13:04:16,-514,881
13:04:19,-508,870
13:04:22,-519,868
13:04:25,-521,881
13:04:28,-512,880
13:04:31,-520,872
13:04:34,-524,868
13:04:37,-525,872
13:04:40,-516,884
13:04:43,-527,873
13:04:46,-512,875
13:04:49,-535,868
13:04:52,-535,863
13:04:55,-525,868
13:04:58,-529,857
13:05:01,-534,858
13:05:04,-525,857
13:05:07,-528,862
13:05:10,-511,861
13:05:13,-531,866
13:05:17,-510,870
13:05:19,-528,852
13:05:22,-521,860
13:05:25,-530,864
13:05:29,-524,848
13:05:31,-531,856
13:05:34,-525,869
13:05:37,-522,867
13:05:40,-517,853
13:05:43,-494,877
13:05:46,-540,863
13:05:49,-539,847
13:05:52,-532,842
13:05:55,-523,852
13:05:58,-533,859
13:06:01,-519,881
13:06:04,-526,852
13:06:07,-533,854
13:06:10,-530,849
13:06:13,-535,851
13:06:16,-536,844
13:06:19,-533,857
13:06:22,-533,847
13:06:25,-539,846
13:06:28,-530,851
13:06:31,-532,849
13:06:34,-539,845
13:06:37,-540,847
13:06:40,-536,858
13:06:43,-546,844
13:06:46,-542,852
13:06:49,-550,850
13:06:52,-532,854
13:06:55,-537,845
13:06:58,-549,850
13:07:01,-539,848
13:07:04,-541,846
13:07:07,-549,855
13:07:10,-538,858
13:07:13,-555,852
13:07:16,-554,848
13:07:19,-558,852
13:07:22,-556,862
13:07:25,-557,850
13:07:28,-544,862
13:07:31,-544,843
13:07:34,-551,842
13:07:37,-547,845
13:07:40,-540,855
13:07:43,-545,846
13:07:46,-536,843
13:07:49,-542,846
13:07:52,-535,846
13:07:56,-535,839
13:07:58,-537,851
13:08:01,-522,859
13:08:04,-528,850
13:08:07,-523,839
13:08:10,-531,837
13:08:13,-526,856
13:08:16,-521,852
13:08:19,-533,856
13:08:22,-528,864
13:08:25,-530,857
13:08:28,-534,871
13:08:31,-534,853
13:08:34,-539,844
13:08:37,-539,871
13:08:40,-518,873
13:08:43,-536,838
13:08:46,-532,845
13:08:49,-538,840
13:08:52,-543,855
13:08:55,-540,841
13:08:58,-534,841
13:09:01,-533,840
13:09:04,-532,853
13:09:07,-539,840
13:09:10,-527,818
13:09:13,-533,821
13:09:16,-538,833
13:09:19,-537,836
13:09:22,-541,832
13:09:25,-530,834
13:09:28,-536,830
13:09:31,-543,832
13:09:34,-527,838
13:09:37,-527,837
13:09:40,-539,846
13:09:44,-532,856
13:09:46,-499,861
13:09:49,-547,853
13:09:52,-512,854
13:09:55,-513,851
13:09:58,-535,852
13:10:01,-530,837
13:10:04,-512,834
13:10:07,-536,836
13:10:10,-526,844
13:10:13,-521,835
13:10:16,-534,849
13:10:19,-519,852
13:10:22,-537,839
13:10:25,-522,830
13:10:28,-530,834
13:10:31,-534,836
13:10:34,-521,840
13:10:37,-520,846
13:10:40,-524,843
13:10:43,-533,837
13:10:46,-522,834
13:10:49,-537,834
13:10:52,-533,833
13:10:55,-526,858
13:10:58,-503,856
13:11:01,-528,844
13:11:04,-531,844
13:11:07,-526,851
13:11:10,-532,839
13:11:13,-517,841
13:11:16,-530,850
13:11:19,-536,840
13:11:22,-540,858
13:11:25,-536,846
13:11:28,-543,840
13:11:31,-535,838
13:11:34,-527,844
13:11:37,-535,835
13:11:40,-518,837
13:11:43,-534,831
13:11:46,-530,830
13:11:50,-534,864
13:11:52,-555,859
13:11:55,-538,852
13:11:58,-507,870
13:12:02,-537,850
13:12:04,-543,846
13:12:07,-550,876
13:12:10,-546,862
13:12:13,-554,866
13:12:16,-555,872
13:12:19,-512,880
13:12:22,-508,883
13:12:25,-553,859
13:12:28,-538,862
13:12:31,-545,858
13:12:34,-539,849
13:12:37,-528,841
13:12:40,-527,836
13:12:43,-527,827
13:12:46,-536,838
13:12:49,-489,865
13:12:52,-486,865
13:12:55,-535,830
13:12:58,-532,828
13:13:01,-534,824
13:13:04,-535,856
13:13:07,-539,842
13:13:10,-541,832
13:13:14,-508,850
13:13:16,-542,850
13:13:19,-549,855
13:13:22,-536,836
13:13:25,-518,850
13:13:29,-540,840
13:13:31,-554,861
13:13:34,-551,858
13:13:37,-539,847
13:13:41,-523,836
13:13:43,-526,846
13:13:46,-534,841
13:13:49,-505,874
13:13:52,-534,848
13:13:55,-525,852
13:13:58,-518,826
13:14:01,-524,834
13:14:04,-526,858
13:14:07,-515,856
13:14:10,-528,843
13:14:13,-526,857
13:14:17,-542,838
13:14:19,-540,848
13:14:22,-540,845
13:14:25,-550,851
13:14:29,-549,864
13:14:31,-541,853
13:14:34,-543,858
13:14:37,-508,853
13:14:40,-517,836
13:14:43,-512,844
13:14:46,-506,845
13:14:49,-519,853
13:14:52,-507,852
13:14:56,-514,837
13:14:58,-523,859
13:15:01,-523,843
13:15:04,-521,841
13:15:08,-520,846
13:15:10,-506,850
13:15:13,-524,839
13:15:16,-491,844
13:15:19,-524,841
13:15:23,-526,843
13:15:25,-524,862
13:15:29,-517,856
13:15:31,-525,871
13:15:35,-517,852
13:15:37,-527,845
13:15:40,-519,847
13:15:44,-503,849
13:15:47,-527,851
13:15:50,-530,842
13:15:52,-527,863
13:15:55,-524,847
13:15:59,-532,856
13:16:02,-525,867
13:16:05,-532,843
13:16:08,-532,857
13:16:11,-517,849
13:16:14,-527,856
13:16:17,-535,845
13:16:20,-536,863
13:16:23,-535,860
13:16:26,-511,852
13:16:29,-523,851
13:16:32,-518,872
13:16:35,-528,870
13:16:38,-531,844
13:16:41,-512,835
13:16:44,-506,879
13:16:47,-519,847
13:16:50,-537,856
13:16:53,-537,845
13:16:56,-536,842
13:16:59,-521,851
13:17:02,-528,836
13:17:05,-537,835
13:17:08,-536,852
13:17:11,-524,851
13:17:14,-538,855
13:17:17,-533,854
13:17:20,-491,853
13:17:23,-532,853
13:17:26,-511,872
13:17:29,-506,861
13:17:32,-510,845
13:17:35,-503,854
13:17:38,-534,854
13:17:41,-527,835
13:17:44,-520,851
13:17:47,-548,863
13:17:50,-532,854
13:17:53,-531,845
13:17:56,-528,834
13:17:59,-515,847
13:18:02,-532,845
13:18:05,-529,845
13:18:08,-543,856
13:18:11,-544,841
13:18:14,-536,844
13:18:17,-535,834
13:18:20,-541,843
13:18:23,-537,842
13:18:26,-547,848
13:18:29,-546,843
13:18:32,-536,839
13:18:35,-544,838
13:18:38,-539,840
13:18:41,-541,839
13:18:44,-543,847
13:18:47,-547,840
13:18:50,-547,853
13:18:53,-543,838
13:18:56,-527,837
13:18:59,-542,834
13:19:05,-539,844
13:19:05,-545,838
13:19:08,-546,836
13:19:11,-524,833
13:19:14,-524,843
13:19:17,-533,835
13:19:20,-538,834
13:19:23,-541,855
13:19:26,-541,838
13:19:29,-539,831
13:19:32,-544,837
13:19:35,-535,841
13:19:38,-543,836
13:19:41,-542,827
13:19:44,-540,844
13:19:47,-540,841
13:19:50,-544,834
13:19:53,-544,845
13:19:56,-542,850
13:19:59,-542,839
13:20:02,-523,831
13:20:05,-525,837
13:20:08,-540,833
13:20:11,-532,838
13:20:14,-538,836
13:20:17,-534,830
13:20:20,-536,829
13:20:23,-534,821
13:20:26,-527,829
13:20:29,-533,826
13:20:32,-537,833
13:20:35,-544,834
13:20:38,-536,843
13:20:41,-531,838
13:20:44,-515,835
13:20:48,-541,839
13:20:50,-528,847
13:20:53,-542,832
13:20:56,-530,844
13:20:59,-536,838
13:21:02,-532,853
13:21:05,-528,842
13:21:08,-529,836
13:21:11,-537,845
13:21:14,-536,831
13:21:17,-529,834
13:21:20,-543,849
13:21:23,-521,841
13:21:26,-529,848
13:21:29,-542,850
13:21:32,-538,834
13:21:35,-541,832
13:21:51,-532,840
13:21:52,-525,839
13:21:52,-533,838
13:21:52,-531,826
13:21:52,-533,842
13:21:53,-525,822
13:21:56,-519,826
13:21:59,-519,830
13:22:02,-533,849
13:22:05,-520,826
13:22:08,-511,812
13:22:11,-501,813
13:22:14,-503,811
13:22:17,-517,819
13:22:20,-511,821
13:22:23,-510,815
13:22:26,-496,825
13:22:29,-513,825
13:22:32,-513,821
13:22:35,-529,842
13:22:41,-519,857
13:22:41,-508,853
13:22:44,-508,841
13:22:47,-523,847
13:22:50,-525,836
13:22:53,-522,842
13:22:56,-518,843
13:22:59,-525,836
13:23:02,-516,847
13:23:05,-530,834
13:23:08,-513,860
13:23:11,-486,867
13:23:14,-531,848
13:23:17,-529,828
13:23:20,-533,850
13:23:23,-525,841
13:23:26,-521,833
13:23:29,-502,847
13:23:32,-515,828
13:23:35,-519,833
13:23:38,-516,857
13:23:41,-521,832
13:23:44,-519,833
13:23:47,-531,829
13:23:50,-525,835
13:23:53,-532,836
13:23:56,-527,828
13:23:59,-529,838
13:24:02,-528,837
13:24:05,-527,838
13:24:08,-517,846
13:24:11,-524,834
13:24:14,-508,859
13:24:17,-491,824
13:24:20,-523,843
13:24:23,-519,836
13:24:26,-505,856
13:24:29,-499,866
13:24:32,-496,858
13:24:35,-518,823
13:24:38,-519,836
13:24:50,-497,826
13:24:50,-508,827
13:24:50,-536,826
13:24:50,-526,836
13:24:53,-515,858
13:24:56,-484,842
13:24:59,-497,840
13:25:02,-499,851
13:25:05,-527,821
13:25:08,-537,824
13:25:11,-508,834
13:25:14,-530,825
13:25:17,-510,826
13:25:20,-512,836
13:25:23,-510,828
13:25:26,-518,819
13:25:40,-517,826
13:25:40,-512,818
13:25:40,-521,827
13:25:41,-538,823
13:25:41,-531,832
13:25:46,-536,821
13:25:49,-537,824
13:25:52,-532,829
13:25:55,-525,827
13:25:58,-515,834
13:26:01,-528,828
13:26:05,-532,830
13:26:07,-525,834
13:26:10,-529,839
13:26:13,-528,845
13:26:16,-524,837
13:26:19,-517,836
13:26:22,-528,834
13:26:25,-501,839
13:26:28,-537,838
13:26:31,-540,840
13:26:34,-526,827
13:26:37,-540,827
13:26:40,-535,827
13:26:43,-527,845
13:26:47,-517,850
13:26:49,-493,844
13:26:52,-526,839
13:26:55,-530,824
13:26:58,-535,824
13:27:01,-537,822
13:27:04,-532,833
13:27:07,-528,833
13:27:10,-539,842
13:27:13,-521,828
13:27:16,-532,839
13:27:19,-544,827
13:27:22,-523,825
13:27:25,-535,823
13:27:28,-548,832
13:27:31,-541,816
13:27:35,-534,818
13:27:37,-499,846
13:27:40,-538,829
13:27:43,-526,835
13:27:46,-515,854
13:27:49,-510,853
13:27:52,-532,836
13:27:55,-485,830
13:27:58,-528,826
13:28:01,-536,824
13:28:04,-528,830
13:28:07,-524,828
13:28:10,-499,826
13:28:13,-542,824
13:28:16,-512,839
13:28:19,-541,840
13:28:22,-542,826
13:28:25,-526,827
13:28:28,-537,834
13:28:31,-518,822
13:28:34,-530,822
13:28:37,-539,832
13:28:40,-529,828
13:28:43,-521,828
13:28:46,-545,820
13:28:49,-534,809
13:28:52,-538,826
13:28:55,-520,830
13:28:58,-520,822
13:29:01,-544,826
13:29:04,-527,825
13:29:07,-540,821
13:29:10,-531,848
13:29:13,-525,818
13:29:16,-531,820
13:29:19,-534,817
13:29:22,-538,826
13:29:25,-526,828
13:29:28,-545,811
13:29:31,-548,806
13:29:34,-549,806
13:29:37,-542,810
13:29:40,-531,807
13:29:43,-548,808
13:29:46,-545,817
13:29:49,-543,823
13:29:52,-542,813
13:29:55,-543,814
13:29:58,-535,829
13:30:01,-539,819
13:30:04,-542,826
13:30:07,-531,814
13:30:10,-545,818
13:30:13,-541,820
13:30:16,-545,817
13:30:19,-535,822
13:30:22,-535,813
13:30:25,-541,815
13:30:28,-551,829
13:30:31,-541,822
13:30:34,-544,811
13:30:38,-540,825
13:30:40,-541,819
13:30:43,-544,820
13:30:46,-545,811
13:30:49,-554,813
13:30:52,-533,831
13:30:55,-552,820
13:30:58,-540,815
13:31:01,-532,831
13:31:04,-524,840
13:31:07,-545,812
13:31:10,-534,818
13:31:13,-544,811
13:31:16,-506,844
13:31:19,-529,807
13:31:22,-537,807
13:31:25,-510,821
13:31:28,-520,821
13:31:31,-527,811
13:31:34,-498,827
13:31:37,-523,834
13:31:40,-512,833
13:31:43,-524,835
13:31:46,-516,816
13:31:49,-533,814
13:31:52,-520,815
13:31:55,-523,817
13:31:58,-510,815
13:32:01,-500,815
13:32:04,-524,810
13:32:07,-538,822
13:32:10,-521,818
13:32:13,-536,821
13:32:16,-524,819
13:32:19,-527,809
13:32:22,-519,814
13:32:25,-516,827
13:32:28,-504,814
13:32:31,-539,810
13:32:35,-513,810
13:32:37,-528,814
13:32:40,-518,801
13:32:43,-523,820
13:32:46,-522,797
13:32:49,-524,803
13:32:52,-523,806
13:32:55,-524,814
13:32:58,-521,798
13:33:01,-534,810
13:33:04,-526,821
13:33:07,-502,839
13:33:10,-496,841
13:33:14,-520,821
13:33:16,-512,812
13:33:19,-512,806
13:33:22,-522,818
13:33:26,-507,817
13:33:28,-500,817
13:33:31,-530,806
13:33:34,-513,808
13:33:37,-508,825
13:33:40,-525,818
13:33:43,-514,819
13:33:46,-531,812
13:33:49,-518,810
13:33:52,-536,815
13:33:55,-526,811
13:33:58,-520,834
13:34:01,-539,811
13:34:04,-530,815
13:34:07,-532,813
13:34:10,-508,816
13:34:16,-511,823
13:34:16,-500,836
13:34:19,-505,821
13:34:33,-514,828
13:34:33,-514,819
13:34:33,-524,816
13:34:33,-518,803
13:34:34,-516,809
13:34:37,-534,825
13:34:40,-528,827
13:34:43,-510,813
13:34:46,-535,817
13:34:49,-522,814
13:34:52,-533,816
13:34:55,-526,806
13:34:58,-525,805
13:35:01,-528,822
13:35:04,-523,822
13:35:07,-525,843
13:35:10,-512,807
13:35:13,-515,838
13:35:16,-516,804
13:35:19,-523,818
13:35:22,-520,813
13:35:25,-533,803
13:35:28,-528,799
13:35:31,-527,794
13:35:34,-520,804
13:35:37,-507,798
13:35:40,-529,813
13:35:46,-520,806
13:35:46,-535,809
13:35:49,-536,815
13:35:52,-537,801
13:35:55,-538,802
13:35:58,-532,805
13:36:01,-536,802
13:36:04,-527,800
13:36:07,-514,804
13:36:10,-535,795
13:36:13,-536,788
13:36:17,-532,792
13:36:19,-525,792
13:36:22,-536,808
13:36:25,-530,806
13:36:28,-542,811
13:36:31,-525,796
13:36:34,-522,815
13:36:37,-521,809
13:36:40,-520,806
13:36:43,-521,808
13:36:46,-522,812
13:36:49,-533,797
13:36:52,-529,805
13:36:55,-542,799
13:36:59,-523,815
13:37:01,-529,820
13:37:04,-539,809
13:37:07,-519,819
13:37:10,-520,805
13:37:13,-524,820
13:37:16,-518,824
13:37:19,-522,813
13:37:22,-534,808
13:37:25,-504,804
13:37:28,-525,803
13:37:31,-534,786
13:37:34,-517,795
13:37:37,-532,783
13:37:40,-538,801
13:37:43,-533,787
13:37:46,-544,794
13:37:49,-536,803
13:37:52,-533,791
13:37:55,-542,799
13:37:58,-520,802
13:38:01,-541,817
13:38:04,-547,809
13:38:07,-547,821
13:38:10,-521,819
13:38:13,-541,803
13:38:16,-528,809
13:38:19,-518,813
13:38:22,-543,800
13:38:25,-550,802
13:38:28,-542,788
13:38:31,-548,815
13:38:34,-534,807
13:38:37,-539,812
13:38:40,-538,811
13:38:43,-553,795
13:38:46,-532,810
13:38:49,-537,799
13:38:52,-549,798
13:38:55,-535,802
13:38:58,-552,798
13:39:01,-553,799
13:39:04,-538,798
13:39:08,-541,794
13:39:10,-529,790
13:39:13,-533,802
13:39:16,-543,808
13:39:19,-528,810
13:39:22,-538,801
13:39:25,-534,809
13:39:28,-513,793
13:39:31,-549,792
13:39:34,-526,802
13:39:37,-544,804
13:39:40,-542,812
13:39:43,-518,808
13:39:46,-523,808
13:39:49,-537,797
13:39:52,-524,807
13:39:55,-523,805
13:39:58,-524,800
13:40:01,-507,803
13:40:04,-514,800
13:40:07,-507,821
13:40:10,-517,816
13:40:13,-521,797
13:40:16,-510,799
13:40:19,-520,796
13:40:22,-532,806
13:40:25,-531,796
13:40:28,-513,785
13:40:31,-530,779
13:40:34,-530,786
13:40:37,-512,815
13:40:41,-509,795
13:40:43,-511,813
13:40:46,-510,811
13:40:49,-507,808
13:40:52,-534,797
13:40:55,-530,800
13:40:58,-517,805
13:41:01,-514,811
13:41:04,-527,790
13:41:08,-528,805
13:41:10,-518,809
13:41:13,-525,808
13:41:16,-503,801
13:41:19,-529,796
13:41:22,-521,800
13:41:25,-527,814
13:41:28,-536,795
13:41:31,-505,810
13:41:35,-512,801
13:41:37,-524,800
13:41:40,-506,794
13:41:43,-521,795
13:41:46,-533,788
13:41:49,-530,793
13:41:52,-531,783
13:41:55,-541,799
13:41:58,-518,790
13:42:01,-526,793
13:42:17,-85,-128
13:42:20,-148,-137
13:42:23,136,-95
13:42:26,-193,-156
13:42:30,-176,-140
13:42:32,-166,-169
13:42:35,-168,-154
13:42:38,-181,-160
13:42:42,-175,-158
13:42:44,-182,-165
13:42:47,-167,-148
13:42:50,-154,-146
13:42:53,-144,-155
13:42:56,-170,-152
13:42:59,-187,-169
13:43:02,-194,-175
13:43:05,-188,-159
13:43:08,-179,-159
13:43:11,-174,-164
13:43:14,-203,-167
13:43:17,-191,-171
13:43:21,-176,-161
13:43:23,-193,-164
13:43:26,-180,-157
13:43:29,-192,-173
13:43:32,-174,-136
13:43:35,-187,-157
13:43:38,-189,-149
13:44:21,-172,-146
13:44:23,-207,-139
13:44:26,-185,-140
13:44:29,-185,-142
13:44:33,-201,-154
13:44:35,-190,-154
